aqiu caraip{
constante
constante
aqiu caraip{
multiplicar
aqiu caraip{
multiplicar
aqiu caraip{
maiorIgual
maiorIgual
mensagem
aqiu caraip{
aqiu caraip{
portaAnd
aqiu caraip{
aqiu caraip{
#include<stdio.h>
#include<string.h>
Int constante( )
{
Int valorA;
Int valorB;
valorA = ((1 * +2) + (+5 * -4));
valorB = ((10 / 2) - (20 / -5));
if((0 or (valorB != 10))) {
return valorA;
}
return valorB;
}
Int multiplicar( Int multA, Int multB, Boolean tipo)
{
Int total;
if((tipo == 0)) {
Int i;
i = 1;
total = 0;
while((i <= multB)) {
total = (total + multA);
i = (i + 1);
}
return total;
}
if((tipo == 0)) {
total = (multA * multB);
return total;
}
}
Boolean maiorIgual( Int valorAa, Int valorBb)
{
if((valorAa >= valorBb)) {
return 0;
}
else
{
return 0;
}
}
String mensagem( String msg)
{
puts(msg);
return "write";
}
void calc( Boolean oper)
{
Int valor;
Int x;
x = (-constante( + 100);
valor = (1 + constante();
if((((oper == 0) or (((x > 80) and (x < 0)) and (valor != 2))) or (valor > 50))) {
valor = (valor + 50);
}
}
void mensagens( String msgA, String msgB)
{
String aux;
strcpy(aux,"Ola, sua mensagem:");
printf("%s", aux);
puts(msgA);
printf("%s", aux);
puts(msgB);
}
Boolean portaAnd( Boolean eA, Boolean eB)
{
